app/build/intermediates/manifest_merge_blame_file/debug/manifest-merger-blame-debug-report.txt
1<?xml version="1.0" encoding="utf-8"?>
2<manifest xmlns:android="http://schemas.android.com/apk/res/android"
3    package="com.example.spongebobbeautycare"
4    android:versionCode="1"
5    android:versionName="1.0" >
6
7    <uses-sdk
8        android:minSdkVersion="21"
8-->src/main/AndroidManifest.xml
9        android:targetSdkVersion="30" />
9-->src/main/AndroidManifest.xml
10
11    <uses-permission android:name="android.permission.INTERNET" />
11-->src/main/AndroidManifest.xml:5:5-67
11-->src/main/AndroidManifest.xml:5:22-64
12    <uses-permission android:name="android.permission.CAMERA" />
12-->src/main/AndroidManifest.xml:6:5-65
12-->src/main/AndroidManifest.xml:6:22-62
13    <uses-permission android:name="android.permission.READ_EXTERNAL_STORAGE" />
13-->src/main/AndroidManifest.xml:7:5-80
13-->src/main/AndroidManifest.xml:7:22-77
14    <uses-permission android:name="android.permission.WRITE_EXTERNAL_STORAGE" />
14-->src/main/AndroidManifest.xml:8:5-81
14-->src/main/AndroidManifest.xml:8:22-78
15    <uses-permission android:name="android.permission.ACCESS_NETWORK_STATE" />
15-->[com.firebaseui:firebase-ui-auth:6.2.0] AndroidManifest.xml:12:5-79
15-->[com.firebaseui:firebase-ui-auth:6.2.0] AndroidManifest.xml:12:22-76
16
17    <application
17-->src/main/AndroidManifest.xml:10:5-51:19
18        android:allowBackup="true"
18-->src/main/AndroidManifest.xml:11:9-35
19        android:appComponentFactory="androidx.core.app.CoreComponentFactory"
19-->[androidx.core:core:1.1.0] AndroidManifest.xml:24:18-86
20        android:debuggable="true"
21        android:icon="@drawable/makeup"
21-->src/main/AndroidManifest.xml:12:9-40
22        android:label="@string/app_name"
22-->src/main/AndroidManifest.xml:13:9-41
23        android:roundIcon="@drawable/makeup"
23-->src/main/AndroidManifest.xml:14:9-45
24        android:supportsRtl="true"
24-->src/main/AndroidManifest.xml:15:9-35
25        android:theme="@style/AppTheme" >
25-->src/main/AndroidManifest.xml:16:9-40
26        <activity
26-->src/main/AndroidManifest.xml:17:9-20:68
27            android:name="com.example.spongebobbeautycare.AboutActivity"
27-->src/main/AndroidManifest.xml:18:13-42
28            android:label="@string/title_activity_about"
28-->src/main/AndroidManifest.xml:19:13-57
29            android:theme="@style/AppTheme.NoActionBar" />
29-->src/main/AndroidManifest.xml:20:13-56
30        <activity
30-->src/main/AndroidManifest.xml:21:9-24:59
31            android:name="com.example.spongebobbeautycare.CreateActivity"
31-->src/main/AndroidManifest.xml:22:13-43
32            android:label="@string/title_activity_create"
32-->src/main/AndroidManifest.xml:23:13-58
33            android:theme="@style/AppTheme.NoActionBar" />
33-->src/main/AndroidManifest.xml:24:13-56
34        <activity
34-->src/main/AndroidManifest.xml:25:9-28:59
35            android:name="com.example.spongebobbeautycare.DetilActivity"
35-->src/main/AndroidManifest.xml:26:13-42
36            android:label="@string/title_activity_detil"
36-->src/main/AndroidManifest.xml:27:13-57
37            android:theme="@style/AppTheme.NoActionBar" />
37-->src/main/AndroidManifest.xml:28:13-56
38        <activity
38-->src/main/AndroidManifest.xml:29:9-32:59
39            android:name="com.example.spongebobbeautycare.ProductsActivity"
39-->src/main/AndroidManifest.xml:30:13-45
40            android:label="@string/title_activity_products"
40-->src/main/AndroidManifest.xml:31:13-60
41            android:theme="@style/AppTheme.NoActionBar" />
41-->src/main/AndroidManifest.xml:32:13-56
42        <activity android:name="com.example.spongebobbeautycare.Main2Activity" />
42-->src/main/AndroidManifest.xml:33:9-51
42-->src/main/AndroidManifest.xml:33:19-48
43        <activity
43-->src/main/AndroidManifest.xml:34:9-36:59
44            android:name="com.example.spongebobbeautycare.MainActivity"
44-->src/main/AndroidManifest.xml:35:13-41
45            android:label="@string/title_activity_main" />
45-->src/main/AndroidManifest.xml:36:13-56
46        <activity
46-->src/main/AndroidManifest.xml:37:9-47:20
47            android:name="com.example.spongebobbeautycare.Splash"
47-->src/main/AndroidManifest.xml:38:13-35
48            android:configChanges="orientation|keyboardHidden|screenSize"
48-->src/main/AndroidManifest.xml:39:13-74
49            android:label="@string/title_activity_splash"
49-->src/main/AndroidManifest.xml:40:13-58
50            android:theme="@style/FullscreenTheme" >
50-->src/main/AndroidManifest.xml:41:13-51
51            <intent-filter>
51-->src/main/AndroidManifest.xml:42:13-46:29
52                <action android:name="android.intent.action.MAIN" />
52-->src/main/AndroidManifest.xml:43:17-69
52-->src/main/AndroidManifest.xml:43:25-66
53
54                <category android:name="android.intent.category.LAUNCHER" />
54-->src/main/AndroidManifest.xml:45:17-77
54-->src/main/AndroidManifest.xml:45:27-74
55            </intent-filter>
56        </activity>
57        <activity
57-->src/main/AndroidManifest.xml:48:9-50:60
58            android:name="com.example.spongebobbeautycare.ui.login.LoginActivity"
58-->src/main/AndroidManifest.xml:49:13-51
59            android:label="@string/title_activity_login" />
59-->src/main/AndroidManifest.xml:50:13-57
60
61        <meta-data
61-->[com.firebaseui:firebase-ui-auth:6.2.0] AndroidManifest.xml:16:9-18:69
62            android:name="com.google.android.gms.version"
62-->[com.firebaseui:firebase-ui-auth:6.2.0] AndroidManifest.xml:17:13-58
63            android:value="@integer/google_play_services_version" />
63-->[com.firebaseui:firebase-ui-auth:6.2.0] AndroidManifest.xml:18:13-66
64        <meta-data
64-->[com.firebaseui:firebase-ui-auth:6.2.0] AndroidManifest.xml:19:9-21:63
65            android:name="com.facebook.sdk.ApplicationId"
65-->[com.firebaseui:firebase-ui-auth:6.2.0] AndroidManifest.xml:20:13-58
66            android:value="@string/facebook_application_id" />
66-->[com.firebaseui:firebase-ui-auth:6.2.0] AndroidManifest.xml:21:13-60
67
68        <activity
68-->[com.firebaseui:firebase-ui-auth:6.2.0] AndroidManifest.xml:23:9-27:61
69            android:name="com.firebase.ui.auth.KickoffActivity"
69-->[com.firebaseui:firebase-ui-auth:6.2.0] AndroidManifest.xml:24:13-64
70            android:exported="false"
70-->[com.firebaseui:firebase-ui-auth:6.2.0] AndroidManifest.xml:25:13-37
71            android:label=""
71-->[com.firebaseui:firebase-ui-auth:6.2.0] AndroidManifest.xml:26:13-29
72            android:theme="@style/FirebaseUI.Transparent" />
72-->[com.firebaseui:firebase-ui-auth:6.2.0] AndroidManifest.xml:27:13-58
73        <activity
73-->[com.firebaseui:firebase-ui-auth:6.2.0] AndroidManifest.xml:28:9-32:61
74            android:name="com.firebase.ui.auth.ui.idp.SingleSignInActivity"
74-->[com.firebaseui:firebase-ui-auth:6.2.0] AndroidManifest.xml:29:13-76
75            android:exported="false"
75-->[com.firebaseui:firebase-ui-auth:6.2.0] AndroidManifest.xml:30:13-37
76            android:label=""
76-->[com.firebaseui:firebase-ui-auth:6.2.0] AndroidManifest.xml:31:13-29
77            android:theme="@style/FirebaseUI.Transparent" />
77-->[com.firebaseui:firebase-ui-auth:6.2.0] AndroidManifest.xml:32:13-58
78        <activity
78-->[com.firebaseui:firebase-ui-auth:6.2.0] AndroidManifest.xml:33:9-37:61
79            android:name="com.firebase.ui.auth.ui.credentials.CredentialSaveActivity"
79-->[com.firebaseui:firebase-ui-auth:6.2.0] AndroidManifest.xml:34:13-86
80            android:exported="false"
80-->[com.firebaseui:firebase-ui-auth:6.2.0] AndroidManifest.xml:35:13-37
81            android:label=""
81-->[com.firebaseui:firebase-ui-auth:6.2.0] AndroidManifest.xml:36:13-29
82            android:theme="@style/FirebaseUI.Transparent" />
82-->[com.firebaseui:firebase-ui-auth:6.2.0] AndroidManifest.xml:37:13-58
83        <activity
83-->[com.firebaseui:firebase-ui-auth:6.2.0] AndroidManifest.xml:38:9-42:58
84            android:name="com.firebase.ui.auth.ui.email.RecoverPasswordActivity"
84-->[com.firebaseui:firebase-ui-auth:6.2.0] AndroidManifest.xml:39:13-81
85            android:exported="false"
85-->[com.firebaseui:firebase-ui-auth:6.2.0] AndroidManifest.xml:40:13-37
86            android:label="@string/fui_title_recover_password_activity"
86-->[com.firebaseui:firebase-ui-auth:6.2.0] AndroidManifest.xml:41:13-72
87            android:windowSoftInputMode="adjustResize" />
87-->[com.firebaseui:firebase-ui-auth:6.2.0] AndroidManifest.xml:42:13-55
88        <activity
88-->[com.firebaseui:firebase-ui-auth:6.2.0] AndroidManifest.xml:43:9-47:58
89            android:name="com.firebase.ui.auth.ui.email.EmailActivity"
89-->[com.firebaseui:firebase-ui-auth:6.2.0] AndroidManifest.xml:44:13-71
90            android:exported="false"
90-->[com.firebaseui:firebase-ui-auth:6.2.0] AndroidManifest.xml:45:13-37
91            android:label="@string/fui_sign_in_default"
91-->[com.firebaseui:firebase-ui-auth:6.2.0] AndroidManifest.xml:46:13-56
92            android:windowSoftInputMode="adjustResize" />
92-->[com.firebaseui:firebase-ui-auth:6.2.0] AndroidManifest.xml:47:13-55
93        <activity
93-->[com.firebaseui:firebase-ui-auth:6.2.0] AndroidManifest.xml:48:9-52:77
94            android:name="com.firebase.ui.auth.ui.phone.PhoneActivity"
94-->[com.firebaseui:firebase-ui-auth:6.2.0] AndroidManifest.xml:49:13-71
95            android:exported="false"
95-->[com.firebaseui:firebase-ui-auth:6.2.0] AndroidManifest.xml:50:13-37
96            android:label="@string/fui_sign_in_with_phone_number"
96-->[com.firebaseui:firebase-ui-auth:6.2.0] AndroidManifest.xml:51:13-66
97            android:windowSoftInputMode="adjustResize|stateAlwaysVisible" />
97-->[com.firebaseui:firebase-ui-auth:6.2.0] AndroidManifest.xml:52:13-74
98        <activity
98-->[com.firebaseui:firebase-ui-auth:6.2.0] AndroidManifest.xml:53:9-57:58
99            android:name="com.firebase.ui.auth.ui.idp.WelcomeBackIdpPrompt"
99-->[com.firebaseui:firebase-ui-auth:6.2.0] AndroidManifest.xml:54:13-76
100            android:exported="false"
100-->[com.firebaseui:firebase-ui-auth:6.2.0] AndroidManifest.xml:55:13-37
101            android:label="@string/fui_title_welcome_back_idp_prompt"
101-->[com.firebaseui:firebase-ui-auth:6.2.0] AndroidManifest.xml:56:13-70
102            android:windowSoftInputMode="adjustResize" />
102-->[com.firebaseui:firebase-ui-auth:6.2.0] AndroidManifest.xml:57:13-55
103        <activity
103-->[com.firebaseui:firebase-ui-auth:6.2.0] AndroidManifest.xml:58:9-62:58
104            android:name="com.firebase.ui.auth.ui.email.WelcomeBackPasswordPrompt"
104-->[com.firebaseui:firebase-ui-auth:6.2.0] AndroidManifest.xml:59:13-83
105            android:exported="false"
105-->[com.firebaseui:firebase-ui-auth:6.2.0] AndroidManifest.xml:60:13-37
106            android:label="@string/fui_title_welcome_back_password_prompt"
106-->[com.firebaseui:firebase-ui-auth:6.2.0] AndroidManifest.xml:61:13-75
107            android:windowSoftInputMode="adjustResize" />
107-->[com.firebaseui:firebase-ui-auth:6.2.0] AndroidManifest.xml:62:13-55
108        <activity
108-->[com.firebaseui:firebase-ui-auth:6.2.0] AndroidManifest.xml:63:9-67:58
109            android:name="com.firebase.ui.auth.ui.email.WelcomeBackEmailLinkPrompt"
109-->[com.firebaseui:firebase-ui-auth:6.2.0] AndroidManifest.xml:64:13-84
110            android:exported="false"
110-->[com.firebaseui:firebase-ui-auth:6.2.0] AndroidManifest.xml:65:13-37
111            android:label="@string/fui_title_welcome_back_password_prompt"
111-->[com.firebaseui:firebase-ui-auth:6.2.0] AndroidManifest.xml:66:13-75
112            android:windowSoftInputMode="adjustResize" />
112-->[com.firebaseui:firebase-ui-auth:6.2.0] AndroidManifest.xml:67:13-55
113        <activity
113-->[com.firebaseui:firebase-ui-auth:6.2.0] AndroidManifest.xml:68:9-73:58
114            android:name="com.firebase.ui.auth.ui.email.EmailLinkCatcherActivity"
114-->[com.firebaseui:firebase-ui-auth:6.2.0] AndroidManifest.xml:69:13-82
115            android:exported="false"
115-->[com.firebaseui:firebase-ui-auth:6.2.0] AndroidManifest.xml:70:13-37
116            android:label=""
116-->[com.firebaseui:firebase-ui-auth:6.2.0] AndroidManifest.xml:71:13-29
117            android:theme="@style/FirebaseUI.Transparent"
117-->[com.firebaseui:firebase-ui-auth:6.2.0] AndroidManifest.xml:72:13-58
118            android:windowSoftInputMode="adjustResize" />
118-->[com.firebaseui:firebase-ui-auth:6.2.0] AndroidManifest.xml:73:13-55
119        <activity
119-->[com.firebaseui:firebase-ui-auth:6.2.0] AndroidManifest.xml:74:9-78:58
120            android:name="com.firebase.ui.auth.ui.email.EmailLinkErrorRecoveryActivity"
120-->[com.firebaseui:firebase-ui-auth:6.2.0] AndroidManifest.xml:75:13-88
121            android:exported="false"
121-->[com.firebaseui:firebase-ui-auth:6.2.0] AndroidManifest.xml:76:13-37
122            android:label="@string/fui_sign_in_default"
122-->[com.firebaseui:firebase-ui-auth:6.2.0] AndroidManifest.xml:77:13-56
123            android:windowSoftInputMode="adjustResize" />
123-->[com.firebaseui:firebase-ui-auth:6.2.0] AndroidManifest.xml:78:13-55
124        <activity
124-->[com.firebaseui:firebase-ui-auth:6.2.0] AndroidManifest.xml:79:9-82:65
125            android:name="com.firebase.ui.auth.ui.idp.AuthMethodPickerActivity"
125-->[com.firebaseui:firebase-ui-auth:6.2.0] AndroidManifest.xml:80:13-80
126            android:exported="false"
126-->[com.firebaseui:firebase-ui-auth:6.2.0] AndroidManifest.xml:81:13-37
127            android:label="@string/fui_default_toolbar_title" />
127-->[com.firebaseui:firebase-ui-auth:6.2.0] AndroidManifest.xml:82:13-62
128        <activity
128-->[com.firebaseui:firebase-ui-auth:6.2.0] AndroidManifest.xml:83:9-87:48
129            android:name="com.facebook.FacebookActivity"
129-->[com.firebaseui:firebase-ui-auth:6.2.0] AndroidManifest.xml:84:13-57
130            android:configChanges="keyboard|keyboardHidden|screenLayout|screenSize|orientation"
130-->[com.firebaseui:firebase-ui-auth:6.2.0] AndroidManifest.xml:85:13-96
131            android:label="@string/app_name" />
131-->[com.firebaseui:firebase-ui-auth:6.2.0] AndroidManifest.xml:86:13-45
132        <activity
132-->[com.firebaseui:firebase-ui-auth:6.2.0] AndroidManifest.xml:88:9-100:20
133            android:name="com.facebook.CustomTabActivity"
133-->[com.firebaseui:firebase-ui-auth:6.2.0] AndroidManifest.xml:89:13-58
134            android:exported="true" >
134-->[com.firebaseui:firebase-ui-auth:6.2.0] AndroidManifest.xml:90:13-36
135            <intent-filter>
135-->[com.firebaseui:firebase-ui-auth:6.2.0] AndroidManifest.xml:92:13-99:29
136                <action android:name="android.intent.action.VIEW" />
136-->[com.firebaseui:firebase-ui-auth:6.2.0] AndroidManifest.xml:93:17-69
136-->[com.firebaseui:firebase-ui-auth:6.2.0] AndroidManifest.xml:93:25-66
137
138                <category android:name="android.intent.category.DEFAULT" />
138-->[com.firebaseui:firebase-ui-auth:6.2.0] AndroidManifest.xml:95:17-76
138-->[com.firebaseui:firebase-ui-auth:6.2.0] AndroidManifest.xml:95:27-73
139                <category android:name="android.intent.category.BROWSABLE" />
139-->[com.firebaseui:firebase-ui-auth:6.2.0] AndroidManifest.xml:96:17-78
139-->[com.firebaseui:firebase-ui-auth:6.2.0] AndroidManifest.xml:96:27-75
140
141                <data android:scheme="@string/facebook_login_protocol_scheme" />
141-->[com.firebaseui:firebase-ui-auth:6.2.0] AndroidManifest.xml:98:17-81
141-->[com.firebaseui:firebase-ui-auth:6.2.0] AndroidManifest.xml:98:23-78
142            </intent-filter>
143        </activity>
144
145        <provider
145-->[com.firebaseui:firebase-ui-auth:6.2.0] AndroidManifest.xml:102:9-106:38
146            android:name="com.firebase.ui.auth.data.client.AuthUiInitProvider"
146-->[com.firebaseui:firebase-ui-auth:6.2.0] AndroidManifest.xml:103:13-79
147            android:authorities="com.example.spongebobbeautycare.authuiinitprovider"
147-->[com.firebaseui:firebase-ui-auth:6.2.0] AndroidManifest.xml:104:13-70
148            android:exported="false"
148-->[com.firebaseui:firebase-ui-auth:6.2.0] AndroidManifest.xml:105:13-37
149            android:initOrder="90" />
149-->[com.firebaseui:firebase-ui-auth:6.2.0] AndroidManifest.xml:106:13-35
150
151        <activity
151-->[com.github.maayyaannkk:ImagePicker:1.0.5] AndroidManifest.xml:15:9-17:67
152            android:name="in.mayanknagwanshi.imagepicker.ImageSelectActivity"
152-->[com.github.maayyaannkk:ImagePicker:1.0.5] AndroidManifest.xml:16:13-78
153            android:theme="@style/Theme.AppCompat.Light.Dialog" />
153-->[com.github.maayyaannkk:ImagePicker:1.0.5] AndroidManifest.xml:17:13-64
154
155        <provider
155-->[com.github.maayyaannkk:ImagePicker:1.0.5] AndroidManifest.xml:19:9-27:20
156            android:name="androidx.core.content.FileProvider"
156-->[com.github.maayyaannkk:ImagePicker:1.0.5] AndroidManifest.xml:20:13-62
157            android:authorities="com.example.spongebobbeautycare.provider"
157-->[com.github.maayyaannkk:ImagePicker:1.0.5] AndroidManifest.xml:21:13-60
158            android:exported="false"
158-->[com.github.maayyaannkk:ImagePicker:1.0.5] AndroidManifest.xml:22:13-37
159            android:grantUriPermissions="true" >
159-->[com.github.maayyaannkk:ImagePicker:1.0.5] AndroidManifest.xml:23:13-47
160            <meta-data
160-->[com.github.maayyaannkk:ImagePicker:1.0.5] AndroidManifest.xml:24:13-26:58
161                android:name="android.support.FILE_PROVIDER_PATHS"
161-->[com.github.maayyaannkk:ImagePicker:1.0.5] AndroidManifest.xml:25:17-67
162                android:resource="@xml/provider_paths" />
162-->[com.github.maayyaannkk:ImagePicker:1.0.5] AndroidManifest.xml:26:17-55
163        </provider>
164
165        <service
165-->[com.google.firebase:firebase-firestore:21.2.1] AndroidManifest.xml:17:9-23:19
166            android:name="com.google.firebase.components.ComponentDiscoveryService"
166-->[com.google.firebase:firebase-firestore:21.2.1] AndroidManifest.xml:18:13-84
167            android:directBootAware="true"
167-->[com.google.firebase:firebase-common:19.3.0] AndroidManifest.xml:34:13-43
168            android:exported="false" >
168-->[com.google.firebase:firebase-firestore:21.2.1] AndroidManifest.xml:19:13-37
169            <meta-data
169-->[com.google.firebase:firebase-firestore:21.2.1] AndroidManifest.xml:20:13-22:85
170                android:name="com.google.firebase.components:com.google.firebase.firestore.FirestoreRegistrar"
170-->[com.google.firebase:firebase-firestore:21.2.1] AndroidManifest.xml:21:17-111
171                android:value="com.google.firebase.components.ComponentRegistrar" />
171-->[com.google.firebase:firebase-firestore:21.2.1] AndroidManifest.xml:22:17-82
172            <meta-data
172-->[com.google.firebase:firebase-auth:19.2.0] AndroidManifest.xml:36:13-38:85
173                android:name="com.google.firebase.components:com.google.firebase.auth.FirebaseAuthRegistrar"
173-->[com.google.firebase:firebase-auth:19.2.0] AndroidManifest.xml:37:17-109
174                android:value="com.google.firebase.components.ComponentRegistrar" />
174-->[com.google.firebase:firebase-auth:19.2.0] AndroidManifest.xml:38:17-82
175            <meta-data
175-->[com.google.firebase:firebase-storage:19.1.1] AndroidManifest.xml:33:13-35:85
176                android:name="com.google.firebase.components:com.google.firebase.storage.StorageRegistrar"
176-->[com.google.firebase:firebase-storage:19.1.1] AndroidManifest.xml:34:17-107
177                android:value="com.google.firebase.components.ComponentRegistrar" />
177-->[com.google.firebase:firebase-storage:19.1.1] AndroidManifest.xml:35:17-82
178        </service>
179
180        <activity
180-->[com.google.firebase:firebase-auth:19.2.0] AndroidManifest.xml:24:9-31:50
181            android:name="com.google.firebase.auth.internal.FederatedSignInActivity"
181-->[com.google.firebase:firebase-auth:19.2.0] AndroidManifest.xml:25:13-85
182            android:excludeFromRecents="true"
182-->[com.google.firebase:firebase-auth:19.2.0] AndroidManifest.xml:26:13-46
183            android:exported="true"
183-->[com.google.firebase:firebase-auth:19.2.0] AndroidManifest.xml:27:13-36
184            android:launchMode="singleTask"
184-->[com.google.firebase:firebase-auth:19.2.0] AndroidManifest.xml:28:13-44
185            android:permission="com.google.firebase.auth.api.gms.permission.LAUNCH_FEDERATED_SIGN_IN"
185-->[com.google.firebase:firebase-auth:19.2.0] AndroidManifest.xml:29:13-102
186            android:theme="@android:style/Theme.Translucent.NoTitleBar" />
186-->[com.google.firebase:firebase-auth:19.2.0] AndroidManifest.xml:30:13-72
187        <activity
187-->[com.google.android.gms:play-services-auth:17.0.0] AndroidManifest.xml:23:9-27:75
188            android:name="com.google.android.gms.auth.api.signin.internal.SignInHubActivity"
188-->[com.google.android.gms:play-services-auth:17.0.0] AndroidManifest.xml:24:13-93
189            android:excludeFromRecents="true"
189-->[com.google.android.gms:play-services-auth:17.0.0] AndroidManifest.xml:25:13-46
190            android:exported="false"
190-->[com.google.android.gms:play-services-auth:17.0.0] AndroidManifest.xml:26:13-37
191            android:theme="@android:style/Theme.Translucent.NoTitleBar" />
191-->[com.google.android.gms:play-services-auth:17.0.0] AndroidManifest.xml:27:13-72
192        <!--
193            Service handling Google Sign-In user revocation. For apps that do not integrate with
194            Google Sign-In, this service will never be started.
195        -->
196        <service
196-->[com.google.android.gms:play-services-auth:17.0.0] AndroidManifest.xml:33:9-36:110
197            android:name="com.google.android.gms.auth.api.signin.RevocationBoundService"
197-->[com.google.android.gms:play-services-auth:17.0.0] AndroidManifest.xml:34:13-89
198            android:exported="true"
198-->[com.google.android.gms:play-services-auth:17.0.0] AndroidManifest.xml:35:13-36
199            android:permission="com.google.android.gms.auth.api.signin.permission.REVOCATION_NOTIFICATION" />
199-->[com.google.android.gms:play-services-auth:17.0.0] AndroidManifest.xml:36:13-107
200
201        <provider
201-->[com.google.firebase:firebase-common:19.3.0] AndroidManifest.xml:26:9-30:39
202            android:name="com.google.firebase.provider.FirebaseInitProvider"
202-->[com.google.firebase:firebase-common:19.3.0] AndroidManifest.xml:27:13-77
203            android:authorities="com.example.spongebobbeautycare.firebaseinitprovider"
203-->[com.google.firebase:firebase-common:19.3.0] AndroidManifest.xml:28:13-72
204            android:exported="false"
204-->[com.google.firebase:firebase-common:19.3.0] AndroidManifest.xml:29:13-37
205            android:initOrder="100" />
205-->[com.google.firebase:firebase-common:19.3.0] AndroidManifest.xml:30:13-36
206
207        <activity
207-->[com.google.android.gms:play-services-base:17.1.0] AndroidManifest.xml:23:9-26:75
208            android:name="com.google.android.gms.common.api.GoogleApiActivity"
208-->[com.google.android.gms:play-services-base:17.1.0] AndroidManifest.xml:24:13-79
209            android:exported="false"
209-->[com.google.android.gms:play-services-base:17.1.0] AndroidManifest.xml:25:13-37
210            android:theme="@android:style/Theme.Translucent.NoTitleBar" />
210-->[com.google.android.gms:play-services-base:17.1.0] AndroidManifest.xml:26:13-72
211
212        <provider
212-->[androidx.lifecycle:lifecycle-process:2.1.0] AndroidManifest.xml:23:9-27:43
213            android:name="androidx.lifecycle.ProcessLifecycleOwnerInitializer"
213-->[androidx.lifecycle:lifecycle-process:2.1.0] AndroidManifest.xml:24:13-79
214            android:authorities="com.example.spongebobbeautycare.lifecycle-process"
214-->[androidx.lifecycle:lifecycle-process:2.1.0] AndroidManifest.xml:25:13-69
215            android:exported="false"
215-->[androidx.lifecycle:lifecycle-process:2.1.0] AndroidManifest.xml:26:13-37
216            android:multiprocess="true" />
216-->[androidx.lifecycle:lifecycle-process:2.1.0] AndroidManifest.xml:27:13-40
217    </application>
218
219</manifest>